/opt/bio/phredphrap//bin/cross_match Metazoa.fasta /opt/bio/phredphrap//lib/screenLibs/vector.seq -minmatch 12 -penalty -2 -minscore 20 -screen 
cross_match version 1.080812

Run date:time  111027:161413
Query file(s):  Metazoa.fasta
Subject file(s):   /opt/bio/phredphrap//lib/screenLibs/vector.seq
Presumed sequence type (from score matrix): DNA

Pairwise comparison algorithm: banded Smith-Waterman

Score matrix (set by value of penalty: -2)
    A   C   G   T   N   X
A   1  -2  -2  -2   0  -3
C  -2   1  -2  -2   0  -3
G  -2  -2   1  -2   0  -3
T  -2  -2  -2   1   0  -3
N   0   0   0   0   0   0
X  -3  -3  -3  -3   0  -3

Gap penalties: gap_init: -4, gap_ext: -3, ins_gap_ext: -3, del_gap_ext: -3, 
Using complexity-adjusted scores. Assumed background frequencies:
 Aa: 0.250  Cc: 0.250  Gg: 0.250  Tt: 0.250  Nn: 0.000  : 0.000  

minmatch: 12, maxmatch: 20, max_group_size: 0 (turned off), minscore: 20, near_minscore: 20, bandwidth: 14, indexwordsize: 12, indexwordsize2: 4
word_raw: 0
vector_bound: 0
gap1_minscore: 17, gap1_dropoff: -12
masklevel: 80
Minmargin: 0.5
splice_edge_length: 0, allocation: 1 bytes
min_intron_length: 30, max_intron_length: 10000, max_overlap: 20, min_exon_length: 6 
Variable sizes: int: 4, long int: 8, SEQ_AREA: 4, signed: 1


Sequence file: Metazoa.fasta    1462 entries
Residue counts,  score matrix column # (* = last column):
  A       18117    1
  C       24361    2
  G       26158    3
  N           7    5
  T       18096    4
Total  86739 residues

4 distinct alphabetic chars have freq > 1% -- 

Allocated space: 176403 seqs, 21931 ids, 207605 descrips

Quality file: Metazoa.fasta.qual

Input quality (quality, n_residues, %,  cum, cum %,  cum expected errs):
 60       1   0.0       1   0.0    0.00
 59      10   0.0      11   0.0    0.00
 58       3   0.0      14   0.0    0.00
 57       3   0.0      17   0.0    0.00
 56       8   0.0      25   0.0    0.00
 55       9   0.0      34   0.0    0.00
 54       8   0.0      42   0.0    0.00
 53      13   0.0      55   0.1    0.00
 52      19   0.0      74   0.1    0.00
 51      46   0.1     120   0.1    0.00
 50      72   0.1     192   0.2    0.00
 49     126   0.1     318   0.4    0.00
 48     140   0.2     458   0.5    0.01
 47     100   0.1     558   0.6    0.01
 46     102   0.1     660   0.8    0.01
 45     339   0.4     999   1.2    0.02
 44     540   0.6    1539   1.8    0.04
 43     307   0.4    1846   2.1    0.06
 42     508   0.6    2354   2.7    0.09
 41     382   0.4    2736   3.2    0.12
 40     326   0.4    3062   3.5    0.15
 39    2328   2.7    5390   6.2    0.45
 38    1209   1.4    6599   7.6    0.64
 37    1209   1.4    7808   9.0    0.88
 36     953   1.1    8761  10.1    1.12
 35    1076   1.2    9837  11.3    1.46
 34    1329   1.5   11166  12.9    1.99
 33     849   1.0   12015  13.9    2.41
 32    1195   1.4   13210  15.2    3.17
 31    3747   4.3   16957  19.5    6.14
 30    4466   5.1   21423  24.7   10.61
 29   11990  13.8   33413  38.5   25.70
 28    9762  11.3   43175  49.8   41.18
 27   19343  22.3   62518  72.1   79.77
 26    9319  10.7   71837  82.8  103.18
 25    3234   3.7   75071  86.5  113.40
 24    1988   2.3   77059  88.8  121.32
 23    1091   1.3   78150  90.1  126.79
 22     935   1.1   79085  91.2  132.69
 21     566   0.7   79651  91.8  137.18
 20     472   0.5   80123  92.4  141.90
 19     321   0.4   80444  92.7  145.94
 18     184   0.2   80628  93.0  148.86
 17     279   0.3   80907  93.3  154.43
 16     777   0.9   81684  94.2  173.94
 15     900   1.0   82584  95.2  202.40
 14     830   1.0   83414  96.2  235.45
 13     609   0.7   84023  96.9  265.97
 12     498   0.6   84521  97.4  297.39
 11     355   0.4   84876  97.9  325.59
 10     313   0.4   85189  98.2  356.89
  9     269   0.3   85458  98.5  390.75
  8     235   0.3   85693  98.8  428.00
  7     221   0.3   85914  99.0  472.10
  6     199   0.2   86113  99.3  522.08
  5     155   0.2   86268  99.5  571.10
  4     114   0.1   86382  99.6  616.48
  3     148   0.2   86530  99.8  690.66
  2     133   0.2   86663  99.9  774.57
  1      69   0.1   86732 100.0  829.38
  0       7   0.0   86739 100.0  836.38   (quality -1 = terminal quality 0)

Avg. full length: 59.3, trimmed (qual > -1): 59.3
Avg. quality: 27.8 per base
Base_llr -5.55, intron_coeff: -0.00288828
Num. pairs: 0
Maximal single base matches (low complexity regions):

0 matching entries (first file).

Discrepancy summary:
Qual algn  cum    rcum    (%)    unalgn X    N  sub del ins  total (%)   cum  rcum (%)


Score histogram: displayed unspliced matches/cum/frac, other unspliced, displayed spliced, other spliced:

Start histogram: displayed unspliced matches/cum/frac, other unspliced, displayed spliced, other spliced:


Splice histogram : displayed 5' splice, other 5' splice: displayed 3' splice, other 3' splice:
Screened sequences written to  Metazoa.fasta.screen



Times in secs (cum)
read queries   0 (  0)
sort queries   0 (  0)
find matches   0 (  0)
         end   0 (  0)
