/opt/bio/phredphrap//bin/cross_match Streptomycineae.fasta /opt/bio/phredphrap//lib/screenLibs/vector.seq -minmatch 12 -penalty -2 -minscore 20 -screen 
cross_match version 1.080812

Run date:time  111027:161658
Query file(s):  Streptomycineae.fasta
Subject file(s):   /opt/bio/phredphrap//lib/screenLibs/vector.seq
Presumed sequence type (from score matrix): DNA

Pairwise comparison algorithm: banded Smith-Waterman

Score matrix (set by value of penalty: -2)
    A   C   G   T   N   X
A   1  -2  -2  -2   0  -3
C  -2   1  -2  -2   0  -3
G  -2  -2   1  -2   0  -3
T  -2  -2  -2   1   0  -3
N   0   0   0   0   0   0
X  -3  -3  -3  -3   0  -3

Gap penalties: gap_init: -4, gap_ext: -3, ins_gap_ext: -3, del_gap_ext: -3, 
Using complexity-adjusted scores. Assumed background frequencies:
 Aa: 0.250  Cc: 0.250  Gg: 0.250  Tt: 0.250  Nn: 0.000  : 0.000  

minmatch: 12, maxmatch: 20, max_group_size: 0 (turned off), minscore: 20, near_minscore: 20, bandwidth: 14, indexwordsize: 12, indexwordsize2: 4
word_raw: 0
vector_bound: 0
gap1_minscore: 17, gap1_dropoff: -12
masklevel: 80
Minmargin: 0.5
splice_edge_length: 0, allocation: 1 bytes
min_intron_length: 30, max_intron_length: 10000, max_overlap: 20, min_exon_length: 6 
Variable sizes: int: 4, long int: 8, SEQ_AREA: 4, signed: 1


Sequence file: Streptomycineae.fasta    3703 entries
Residue counts,  score matrix column # (* = last column):
  A       94039    1
  C      134670    2
  G      138119    3
  N         114    5
  T       93558    4
Total  460500 residues

4 distinct alphabetic chars have freq > 1% -- 

Allocated space: 928407 seqs, 55546 ids, 525827 descrips

Quality file: Streptomycineae.fasta.qual

Input quality (quality, n_residues, %,  cum, cum %,  cum expected errs):
 60       2   0.0       2   0.0    0.00
 59       2   0.0       4   0.0    0.00
 58       5   0.0       9   0.0    0.00
 57       6   0.0      15   0.0    0.00
 56      15   0.0      30   0.0    0.00
 55      26   0.0      56   0.0    0.00
 54      40   0.0      96   0.0    0.00
 53      48   0.0     144   0.0    0.00
 52      36   0.0     180   0.0    0.00
 51      62   0.0     242   0.1    0.00
 50     151   0.0     393   0.1    0.00
 49     468   0.1     861   0.2    0.01
 48     517   0.1    1378   0.3    0.02
 47     389   0.1    1767   0.4    0.02
 46     299   0.1    2066   0.4    0.03
 45     868   0.2    2934   0.6    0.06
 44    1265   0.3    4199   0.9    0.11
 43     712   0.2    4911   1.1    0.15
 42    1254   0.3    6165   1.3    0.22
 41    1022   0.2    7187   1.6    0.31
 40     780   0.2    7967   1.7    0.38
 39    7340   1.6   15307   3.3    1.31
 38    3467   0.8   18774   4.1    1.86
 37    4316   0.9   23090   5.0    2.72
 36    2918   0.6   26008   5.6    3.45
 35    3201   0.7   29209   6.3    4.46
 34    4760   1.0   33969   7.4    6.36
 33    3692   0.8   37661   8.2    8.21
 32    7598   1.6   45259   9.8   13.00
 31   23815   5.2   69074  15.0   31.92
 30   23463   5.1   92537  20.1   55.38
 29   44403   9.6  136940  29.7  111.28
 28   37967   8.2  174907  38.0  171.46
 27  119811  26.0  294718  64.0  410.51
 26   61559  13.4  356277  77.4  565.14
 25   23859   5.2  380136  82.5  640.59
 24   16514   3.6  396650  86.1  706.33
 23    8813   1.9  405463  88.0  750.50
 22    8679   1.9  414142  89.9  805.26
 21    5401   1.2  419543  91.1  848.16
 20    4186   0.9  423729  92.0  890.02
 19    3257   0.7  426986  92.7  931.03
 18    2049   0.4  429035  93.2  963.50
 17    2400   0.5  431435  93.7  1011.39
 16    4360   0.9  435795  94.6  1120.91
 15    4237   0.9  440032  95.6  1254.89
 14    3264   0.7  443296  96.3  1384.83
 13    2292   0.5  445588  96.8  1499.71
 12    2052   0.4  447640  97.2  1629.18
 11    1811   0.4  449451  97.6  1773.03
 10    1923   0.4  451374  98.0  1965.33
  9    1742   0.4  453116  98.4  2184.64
  8    1563   0.3  454679  98.7  2432.36
  7    1318   0.3  455997  99.0  2695.33
  6    1034   0.2  457031  99.2  2955.06
  5     888   0.2  457919  99.4  3235.87
  4     766   0.2  458685  99.6  3540.82
  3     653   0.1  459338  99.7  3868.10
  2     607   0.1  459945  99.9  4251.09
  1     441   0.1  460386 100.0  4601.39
  0     113   0.0  460499 100.0  4714.39
 -1       1   0.0  460500 100.0  4715.39   (quality -1 = terminal quality 0)

Avg. full length: 124.4, trimmed (qual > -1): 124.4
Avg. quality: 26.8 per base
Base_llr -5.55, intron_coeff: -0.00288828
Num. pairs: 0
Maximal single base matches (low complexity regions):

0 matching entries (first file).

Discrepancy summary:
Qual algn  cum    rcum    (%)    unalgn X    N  sub del ins  total (%)   cum  rcum (%)


Score histogram: displayed unspliced matches/cum/frac, other unspliced, displayed spliced, other spliced:

Start histogram: displayed unspliced matches/cum/frac, other unspliced, displayed spliced, other spliced:


Splice histogram : displayed 5' splice, other 5' splice: displayed 3' splice, other 3' splice:
Screened sequences written to  Streptomycineae.fasta.screen



Times in secs (cum)
read queries   0 (  0)
sort queries   1 (  1)
find matches   0 (  1)
         end   0 (  1)
